@!@!@STARTMSG 2262:0 @!@!@
TLC2 Version 2.19 of 08 August 2024 (rev: 5a47802)
@!@!@ENDMSG 2262 @!@!@
@!@!@STARTMSG 2187:0 @!@!@
Running breadth-first search Model-Checking with fp 16 and seed -5000467764838353866 with 10 workers on 20 cores with 1188MB heap and 2669MB offheap memory [pid: 15772] (Windows 10 10.0 amd64, AdoptOpenJDK 14.0.1 x86_64, OffHeapDiskFPSet, DiskStateQueue).
@!@!@ENDMSG 2187 @!@!@
@!@!@STARTMSG 2220:0 @!@!@
Starting SANY...
@!@!@ENDMSG 2220 @!@!@
Parsing file C:\Users\20241799\OneDrive - TU Eindhoven\Desktop\LockSystem\lock_single.toolbox\model1\MC.tla
Parsing file C:\Users\20241799\OneDrive - TU Eindhoven\Desktop\LockSystem\lock_single.toolbox\model1\lock_single.tla
Parsing file C:\Users\20241799\OneDrive - TU Eindhoven\Desktop\toolbox\plugins\org.lamport.tlatools_1.0.0.202408081326\tla2sany\StandardModules\TLC.tla
Parsing file C:\Users\20241799\OneDrive - TU Eindhoven\Desktop\LockSystem\lock_single.toolbox\model1\lock_data.tla
Parsing file C:\Users\20241799\OneDrive - TU Eindhoven\Desktop\toolbox\plugins\org.lamport.tlatools_1.0.0.202408081326\tla2sany\StandardModules\Integers.tla
Parsing file C:\Users\20241799\OneDrive - TU Eindhoven\Desktop\toolbox\plugins\org.lamport.tlatools_1.0.0.202408081326\tla2sany\StandardModules\Sequences.tla
Parsing file C:\Users\20241799\OneDrive - TU Eindhoven\Desktop\toolbox\plugins\org.lamport.tlatools_1.0.0.202408081326\tla2sany\StandardModules\FiniteSets.tla
Parsing file C:\Users\20241799\OneDrive - TU Eindhoven\Desktop\toolbox\plugins\org.lamport.tlatools_1.0.0.202408081326\tla2sany\StandardModules\Naturals.tla
Semantic processing of module Naturals
Semantic processing of module Integers
Semantic processing of module Sequences
Semantic processing of module FiniteSets
Semantic processing of module TLC
Semantic processing of module lock_data
Semantic processing of module lock_single
Semantic processing of module MC
@!@!@STARTMSG 2219:0 @!@!@
SANY finished.
@!@!@ENDMSG 2219 @!@!@
@!@!@STARTMSG 2185:0 @!@!@
Starting... (2025-10-14 23:13:31)
@!@!@ENDMSG 2185 @!@!@
@!@!@STARTMSG 2230:1 @!@!@
The invariant of DoorsMutex is equal to FALSE
@!@!@ENDMSG 2230 @!@!@
@!@!@STARTMSG 2186:0 @!@!@
Finished in 381ms at (2025-10-14 23:13:31)
@!@!@ENDMSG 2186 @!@!@
